0 info it worked if it ends with ok
1 verbose cli [ '/usr/local/bin/node', '/usr/local/bin/npm', 'start' ]
2 info using npm@3.3.12
3 info using node@v5.4.1
4 verbose run-script [ 'prestart', 'start', 'poststart' ]
5 info lifecycle resource-strategy-game@0.0.0~prestart: resource-strategy-game@0.0.0
6 silly lifecycle resource-strategy-game@0.0.0~prestart: no script for prestart, continuing
7 info lifecycle resource-strategy-game@0.0.0~start: resource-strategy-game@0.0.0
8 verbose lifecycle resource-strategy-game@0.0.0~start: unsafe-perm in lifecycle true
9 verbose lifecycle resource-strategy-game@0.0.0~start: PATH: /usr/local/lib/node_modules/npm/bin/node-gyp-bin:/Users/Alex/Dropbox/Client Media/resource-strategy-game/node_modules/.bin:/usr/local/lib/node_modules/npm/bin/node-gyp-bin:/Users/Alex/Dropbox/Client Media/resource-strategy-game/node_modules/.bin:/Users/Alex/google-cloud-sdk/bin:/Users/Alex/anaconda/bin:/usr/local/bin:/usr/bin:/bin:/usr/sbin:/sbin:/opt/X11/bin:/Applications/ngrok:/usr/bin:/bin
10 verbose lifecycle resource-strategy-game@0.0.0~start: CWD: /Users/Alex/Dropbox/Client Media/resource-strategy-game
11 silly lifecycle resource-strategy-game@0.0.0~start: Args: [ '-c', 'npm run build && node ./bin/www' ]
12 silly lifecycle resource-strategy-game@0.0.0~start: Returned: code: 1  signal: null
13 info lifecycle resource-strategy-game@0.0.0~start: Failed to exec start script
14 verbose stack Error: resource-strategy-game@0.0.0 start: `npm run build && node ./bin/www`
14 verbose stack Exit status 1
14 verbose stack     at EventEmitter.<anonymous> (/usr/local/lib/node_modules/npm/lib/utils/lifecycle.js:232:16)
14 verbose stack     at emitTwo (events.js:87:13)
14 verbose stack     at EventEmitter.emit (events.js:172:7)
14 verbose stack     at ChildProcess.<anonymous> (/usr/local/lib/node_modules/npm/lib/utils/spawn.js:24:14)
14 verbose stack     at emitTwo (events.js:87:13)
14 verbose stack     at ChildProcess.emit (events.js:172:7)
14 verbose stack     at maybeClose (internal/child_process.js:821:16)
14 verbose stack     at Process.ChildProcess._handle.onexit (internal/child_process.js:211:5)
15 verbose pkgid resource-strategy-game@0.0.0
16 verbose cwd /Users/Alex/Dropbox/Client Media/resource-strategy-game
17 error Darwin 16.3.0
18 error argv "/usr/local/bin/node" "/usr/local/bin/npm" "start"
19 error node v5.4.1
20 error npm  v3.3.12
21 error code ELIFECYCLE
22 error resource-strategy-game@0.0.0 start: `npm run build && node ./bin/www`
22 error Exit status 1
23 error Failed at the resource-strategy-game@0.0.0 start script 'npm run build && node ./bin/www'.
23 error Make sure you have the latest version of node.js and npm installed.
23 error If you do, this is most likely a problem with the resource-strategy-game package,
23 error not with npm itself.
23 error Tell the author that this fails on your system:
23 error     npm run build && node ./bin/www
23 error You can get their info via:
23 error     npm owner ls resource-strategy-game
23 error There is likely additional logging output above.
24 verbose exit [ 1, true ]
